{
  "RSpec": {
    "coverage": {
      "/home/jiri/Projects/Rails/ratebeer/config/environment.rb": [
        null,
        1,
        null,
        null,
        1
      ],
      "/home/jiri/Projects/Rails/ratebeer/config/application.rb": [
        1,
        null,
        1,
        null,
        null,
        null,
        1,
        null,
        1,
        1,
        null,
        null,
        null,
        null,
        null,
        null,
        null,
        null,
        null,
        null,
        null,
        1,
        null,
        null
      ],
      "/home/jiri/Projects/Rails/ratebeer/config/boot.rb": [
        null,
        1,
        null,
        1
      ],
      "/home/jiri/Projects/Rails/ratebeer/config/environments/test.rb": [
        1,
        null,
        null,
        null,
        null,
        null,
        null,
        1,
        null,
        null,
        null,
        null,
        1,
        null,
        null,
        1,
        1,
        null,
        null,
        1,
        1,
        null,
        null,
        1,
        null,
        null,
        1,
        null,
        null,
        null,
        null,
        1,
        null,
        null,
        1,
        null
      ],
      "/home/jiri/Projects/Rails/ratebeer/config/initializers/backtrace_silencers.rb": [
        null,
        null,
        null,
        null,
        null,
        null,
        null
      ],
      "/home/jiri/Projects/Rails/ratebeer/config/initializers/filter_parameter_logging.rb": [
        null,
        null,
        null,
        1
      ],
      "/home/jiri/Projects/Rails/ratebeer/config/initializers/inflections.rb": [
        null,
        null,
        null,
        null,
        null,
        null,
        null,
        null,
        null,
        null,
        null,
        null,
        null,
        null,
        null,
        null
      ],
      "/home/jiri/Projects/Rails/ratebeer/config/initializers/mime_types.rb": [
        null,
        null,
        null,
        null,
        null
      ],
      "/home/jiri/Projects/Rails/ratebeer/config/initializers/secret_token.rb": [
        null,
        null,
        null,
        null,
        null,
        null,
        null,
        null,
        null,
        null,
        null,
        1
      ],
      "/home/jiri/Projects/Rails/ratebeer/config/initializers/session_store.rb": [
        null,
        null,
        1
      ],
      "/home/jiri/Projects/Rails/ratebeer/config/initializers/wrap_parameters.rb": [
        null,
        null,
        null,
        null,
        null,
        null,
        1,
        1,
        null,
        null,
        null,
        null,
        null,
        null
      ],
      "/home/jiri/Projects/Rails/ratebeer/spec/factories.rb": [
        1,
        1,
        1,
        1,
        1,
        null,
        null,
        1,
        1,
        null,
        null,
        1,
        1,
        null,
        null,
        1,
        1,
        1,
        null,
        null,
        1,
        1,
        1,
        1,
        null,
        null
      ],
      "/home/jiri/Projects/Rails/ratebeer/app/models/rating.rb": [
        1,
        1,
        1,
        null,
        1,
        null,
        null,
        null,
        1,
        25,
        null,
        null
      ],
      "/home/jiri/Projects/Rails/ratebeer/config/routes.rb": [
        1,
        1,
        null,
        1,
        null,
        1,
        null,
        1,
        null,
        null,
        null,
        null,
        null,
        1,
        1,
        1,
        1,
        null,
        1,
        1,
        1,
        null,
        null,
        null,
        null,
        null,
        null,
        null,
        null,
        null,
        null,
        null,
        null,
        null,
        null,
        null,
        null,
        null,
        null,
        null,
        null,
        null,
        null,
        null,
        null,
        null,
        null,
        null,
        null,
        null,
        null,
        null,
        null,
        null,
        null,
        null,
        null,
        null,
        null,
        null,
        null,
        null,
        null,
        null,
        null,
        null,
        null,
        null,
        null,
        null,
        null,
        null,
        null,
        null,
        null,
        null,
        null,
        null
      ],
      "/home/jiri/Projects/Rails/ratebeer/app/helpers/application_helper.rb": [
        1,
        null
      ],
      "/home/jiri/Projects/Rails/ratebeer/app/helpers/beer_clubs_helper.rb": [
        1,
        null
      ],
      "/home/jiri/Projects/Rails/ratebeer/app/helpers/beers_helper.rb": [
        1,
        null
      ],
      "/home/jiri/Projects/Rails/ratebeer/app/helpers/breweries_helper.rb": [
        1,
        null
      ],
      "/home/jiri/Projects/Rails/ratebeer/app/helpers/memberships_helper.rb": [
        1,
        null
      ],
      "/home/jiri/Projects/Rails/ratebeer/app/helpers/users_helper.rb": [
        1,
        null
      ],
      "/home/jiri/Projects/Rails/ratebeer/spec/support/helpers/own_test_helper.rb": [
        1,
        null,
        1,
        7,
        7,
        7,
        7,
        null,
        null,
        1,
        4,
        24,
        null,
        null,
        null
      ],
      "/home/jiri/Projects/Rails/ratebeer/spec/features/breweries_page_spec.rb": [
        1,
        null,
        1,
        1,
        1,
        1,
        1,
        null,
        null,
        null,
        1,
        1,
        2,
        2,
        2,
        6,
        null,
        null,
        2,
        null,
        null,
        1,
        1,
        1,
        3,
        null,
        null,
        null,
        1,
        1,
        null,
        1,
        1,
        null,
        null,
        null,
        null
      ],
      "/home/jiri/Projects/Rails/ratebeer/spec/features/ratings_spec.rb": [
        1,
        null,
        1,
        null,
        1,
        4,
        4,
        4,
        4,
        null,
        1,
        3,
        null,
        null,
        1,
        1,
        1,
        1,
        null,
        1,
        1,
        2,
        null,
        1,
        1,
        1,
        null,
        null,
        1,
        1,
        1,
        null,
        1,
        1,
        1,
        6,
        null,
        null,
        null,
        1,
        1,
        1,
        null,
        1,
        null,
        1,
        1,
        1,
        null,
        2,
        1,
        null,
        null
      ],
      "/home/jiri/Projects/Rails/ratebeer/spec/features/users_spec.rb": [
        1,
        null,
        1,
        null,
        1,
        1,
        6,
        null,
        null,
        1,
        1,
        1,
        null,
        1,
        1,
        null,
        null,
        1,
        1,
        null,
        1,
        1,
        null,
        null,
        1,
        1,
        1,
        1,
        null,
        1,
        1,
        6,
        null,
        null,
        null,
        1,
        1,
        1,
        1,
        null,
        1,
        1,
        6,
        null,
        null,
        null,
        1,
        1,
        1,
        1,
        null,
        1,
        1,
        1,
        1,
        null,
        null,
        null,
        1,
        1,
        1,
        1,
        1,
        null,
        1,
        1,
        2,
        null,
        null,
        null
      ],
      "/home/jiri/Projects/Rails/ratebeer/spec/models/beer_club_spec.rb": [
        1,
        null,
        1,
        1,
        null
      ],
      "/home/jiri/Projects/Rails/ratebeer/app/models/beer_club.rb": [
        1,
        1,
        1,
        null,
        1,
        0,
        null,
        null
      ],
      "/home/jiri/Projects/Rails/ratebeer/spec/models/beer_spec.rb": [
        1,
        null,
        1,
        1,
        1,
        1,
        1,
        null,
        null,
        1,
        1,
        1,
        1,
        null,
        null,
        1,
        1,
        1,
        1,
        null,
        null
      ],
      "/home/jiri/Projects/Rails/ratebeer/app/models/beer.rb": [
        1,
        1,
        null,
        1,
        1,
        null,
        1,
        1,
        1,
        null,
        1,
        8,
        null,
        null
      ],
      "/home/jiri/Projects/Rails/ratebeer/lib/rating_average.rb": [
        1,
        1,
        37,
        null,
        null
      ],
      "/home/jiri/Projects/Rails/ratebeer/spec/models/brewery_spec.rb": [
        1,
        null,
        1,
        1,
        4,
        null,
        2,
        2,
        2,
        null,
        null,
        1,
        1,
        null,
        1,
        null,
        null
      ],
      "/home/jiri/Projects/Rails/ratebeer/app/models/brewery.rb": [
        1,
        1,
        null,
        1,
        1,
        null,
        1,
        1,
        null,
        1,
        0,
        0,
        0,
        0,
        null,
        null,
        1,
        0,
        0,
        null,
        null,
        1,
        48,
        48,
        0,
        null,
        null,
        null,
        1,
        6,
        null,
        null,
        null
      ],
      "/home/jiri/Projects/Rails/ratebeer/spec/models/membership_spec.rb": [
        1,
        null,
        1,
        1,
        null
      ],
      "/home/jiri/Projects/Rails/ratebeer/app/models/membership.rb": [
        1,
        1,
        1,
        null,
        1,
        null,
        1,
        0,
        0,
        null,
        null,
        null,
        null
      ],
      "/home/jiri/Projects/Rails/ratebeer/spec/models/rating_spec.rb": [
        1,
        null,
        1,
        1,
        null
      ],
      "/home/jiri/Projects/Rails/ratebeer/spec/models/user_spec.rb": [
        1,
        null,
        1,
        1,
        1,
        null,
        1,
        null,
        null,
        1,
        1,
        null,
        1,
        1,
        null,
        null,
        1,
        5,
        null,
        1,
        1,
        null,
        null,
        1,
        1,
        null,
        null,
        1,
        1,
        null,
        1,
        null,
        null,
        1,
        1,
        1,
        null,
        1,
        null,
        null,
        null,
        1,
        3,
        null,
        1,
        1,
        1,
        null,
        null,
        1,
        1,
        1,
        null,
        1,
        1,
        null,
        null,
        null,
        1,
        1,
        1,
        null,
        1,
        1,
        null,
        null,
        1,
        1,
        null,
        1,
        1,
        null,
        null,
        null,
        1,
        5,
        null,
        1,
        1,
        null,
        null,
        1,
        1,
        null,
        null,
        1,
        1,
        1,
        1,
        null,
        null,
        1,
        1,
        1,
        1,
        1,
        null,
        1,
        null,
        null,
        null,
        1,
        5,
        3,
        null,
        null,
        1,
        1,
        null,
        null,
        1,
        1,
        null,
        null,
        1,
        1,
        null,
        1,
        null,
        null,
        1,
        1,
        1,
        1,
        1,
        1,
        null,
        1,
        null,
        null,
        null,
        null,
        null,
        1,
        7,
        7,
        7,
        null,
        null,
        1,
        1,
        5,
        null,
        null,
        null,
        1,
        17,
        17,
        17,
        null,
        null,
        1,
        3,
        16,
        null,
        null,
        null,
        1,
        17,
        17,
        17,
        null,
        null,
        1,
        3,
        16,
        null,
        null
      ],
      "/home/jiri/Projects/Rails/ratebeer/app/models/user.rb": [
        1,
        1,
        null,
        1,
        null,
        1,
        1,
        null,
        null,
        null,
        null,
        1,
        1,
        1,
        1,
        null,
        1,
        16,
        7,
        null,
        null,
        1,
        16,
        null,
        null,
        1,
        16,
        null,
        null,
        1,
        null,
        1,
        32,
        null,
        86,
        18,
        18,
        null,
        32,
        null,
        null
      ],
      "/home/jiri/Projects/Rails/ratebeer/app/controllers/users_controller.rb": [
        1,
        1,
        1,
        null,
        null,
        null,
        1,
        0,
        null,
        null,
        null,
        null,
        1,
        null,
        null,
        null,
        1,
        1,
        null,
        null,
        null,
        1,
        null,
        null,
        null,
        null,
        1,
        1,
        null,
        1,
        1,
        2,
        1,
        null,
        0,
        0,
        null,
        null,
        null,
        null,
        null,
        null,
        1,
        0,
        0,
        0,
        0,
        null,
        0,
        0,
        null,
        null,
        null,
        null,
        null,
        null,
        1,
        0,
        0,
        0,
        0,
        null,
        null,
        null,
        1,
        null,
        1,
        13,
        null,
        null,
        1,
        0,
        0,
        null,
        null,
        null,
        null,
        1,
        1,
        null,
        null
      ],
      "/home/jiri/Projects/Rails/ratebeer/app/controllers/application_controller.rb": [
        1,
        null,
        null,
        1,
        null,
        1,
        null,
        1,
        158,
        111,
        null,
        null,
        1,
        1,
        null,
        null,
        1,
        0,
        0,
        null,
        null,
        1,
        4,
        null,
        null,
        1,
        0,
        null,
        null
      ],
      "/home/jiri/Projects/Rails/ratebeer/app/controllers/sessions_controller.rb": [
        1,
        1,
        null,
        null,
        null,
        1,
        7,
        7,
        1,
        null,
        6,
        6,
        null,
        null,
        null,
        1,
        null,
        null,
        null,
        null,
        0,
        null,
        null
      ],
      "/home/jiri/Projects/Rails/ratebeer/app/controllers/breweries_controller.rb": [
        1,
        1,
        1,
        1,
        null,
        null,
        null,
        1,
        3,
        null,
        null,
        null,
        null,
        1,
        null,
        null,
        null,
        1,
        0,
        null,
        null,
        null,
        1,
        null,
        null,
        null,
        null,
        1,
        0,
        null,
        0,
        0,
        0,
        0,
        null,
        0,
        0,
        null,
        null,
        null,
        null,
        null,
        null,
        1,
        0,
        0,
        0,
        0,
        null,
        0,
        0,
        null,
        null,
        null,
        null,
        null,
        null,
        1,
        0,
        0,
        0,
        0,
        null,
        null,
        null,
        1,
        null,
        1,
        1,
        null,
        null,
        null,
        1,
        0,
        null,
        null
      ],
      "/home/jiri/Projects/Rails/ratebeer/app/controllers/ratings_controller.rb": [
        1,
        1,
        1,
        null,
        null,
        1,
        1,
        1,
        null,
        null,
        1,
        1,
        0,
        null,
        1,
        1,
        1,
        1,
        null,
        0,
        0,
        null,
        null,
        null,
        null,
        1,
        1,
        1,
        1,
        null,
        null
      ],
      "/home/jiri/Projects/Rails/ratebeer/app/controllers/beers_controller.rb": [
        1,
        1,
        1,
        1,
        1,
        null,
        null,
        null,
        1,
        2,
        null,
        null,
        null,
        null,
        1,
        null,
        null,
        null,
        1,
        2,
        null,
        null,
        null,
        1,
        null,
        null,
        null,
        null,
        1,
        2,
        2,
        2,
        2,
        1,
        null,
        2,
        1,
        1,
        null,
        null,
        null,
        null,
        null,
        null,
        1,
        0,
        0,
        0,
        0,
        null,
        0,
        0,
        null,
        null,
        null,
        null,
        null,
        null,
        1,
        0,
        0,
        0,
        0,
        null,
        null,
        null,
        1,
        null,
        1,
        0,
        null,
        null,
        1,
        4,
        4,
        null,
        null,
        null,
        1,
        2,
        null,
        null
      ]
    },
    "timestamp": 1391549430
  }
}
